<?xml version="1.0" encoding="UTF-8"?>
<!-- Generated by org.testng.reporters.JUnitXMLReporter -->
<testsuite hostname="ICPL12785" ignored="0" name="Default test" tests="5" failures="0" timestamp="29 Mar 2018 10:49:11 GMT" time="2.47" errors="0">
  <testcase name="userRegister" time="1.539" classname="com.infostretch.icpl.WeaveSocksDemo"/>
  <testcase name="userLogin" time="0.507" classname="com.infostretch.icpl.WeaveSocksDemo"/>
  <testcase name="verifyaddToCart" time="0.216" classname="com.infostretch.icpl.WeaveSocksDemo"/>
  <testcase name="verifyaddAddress" time="0.088" classname="com.infostretch.icpl.WeaveSocksDemo"/>
  <testcase name="verifyaddCardDetails" time="0.1" classname="com.infostretch.icpl.WeaveSocksDemo"/>
</testsuite> <!-- Default test -->
