<?xml version="1.0" encoding="UTF-8"?>
<testng-results skipped="0" failed="0" ignored="0" total="1" passed="1">
  <reporter-output>
  </reporter-output>
  <suite name="Default suite" duration-ms="2617" started-at="2017-12-29T08:17:16Z" finished-at="2017-12-29T08:17:18Z">
    <groups>
    </groups>
    <test name="Default test" duration-ms="2617" started-at="2017-12-29T08:17:16Z" finished-at="2017-12-29T08:17:18Z">
      <class name="com.valtech.RestAssured.GetWeatherDetails_1">
        <test-method status="PASS" signature="verifyWeatherDetails_statusCode()[pri:0, instance:com.valtech.RestAssured.GetWeatherDetails_1@cc285f4]" name="verifyWeatherDetails_statusCode" duration-ms="2594" started-at="2017-12-29T13:47:16Z" finished-at="2017-12-29T13:47:18Z">
          <reporter-output>
          </reporter-output>
        </test-method> <!-- verifyWeatherDetails_statusCode -->
      </class> <!-- com.valtech.RestAssured.GetWeatherDetails_1 -->
    </test> <!-- Default test -->
  </suite> <!-- Default suite -->
</testng-results>
