<?xml version="1.0" encoding="UTF-8"?>
<testng-results skipped="0" failed="0" ignored="0" total="5" passed="5">
  <reporter-output>
  </reporter-output>
  <suite name="Default suite" duration-ms="2470" started-at="2018-03-29T10:49:08Z" finished-at="2018-03-29T10:49:11Z">
    <groups>
    </groups>
    <test name="Default test" duration-ms="2470" started-at="2018-03-29T10:49:08Z" finished-at="2018-03-29T10:49:11Z">
      <class name="com.infostretch.icpl.WeaveSocksDemo">
        <test-method status="PASS" signature="userRegister()[pri:1, instance:com.infostretch.icpl.WeaveSocksDemo@26be92ad]" name="userRegister" duration-ms="1539" started-at="2018-03-29T16:19:08Z" finished-at="2018-03-29T16:19:10Z">
          <reporter-output>
          </reporter-output>
        </test-method> <!-- userRegister -->
        <test-method status="PASS" signature="userLogin()[pri:2, instance:com.infostretch.icpl.WeaveSocksDemo@26be92ad]" name="userLogin" duration-ms="507" started-at="2018-03-29T16:19:10Z" finished-at="2018-03-29T16:19:10Z">
          <reporter-output>
          </reporter-output>
        </test-method> <!-- userLogin -->
        <test-method status="PASS" signature="verifyaddToCart()[pri:3, instance:com.infostretch.icpl.WeaveSocksDemo@26be92ad]" name="verifyaddToCart" duration-ms="216" started-at="2018-03-29T16:19:10Z" finished-at="2018-03-29T16:19:10Z">
          <reporter-output>
          </reporter-output>
        </test-method> <!-- verifyaddToCart -->
        <test-method status="PASS" signature="verifyaddAddress()[pri:5, instance:com.infostretch.icpl.WeaveSocksDemo@26be92ad]" name="verifyaddAddress" duration-ms="88" started-at="2018-03-29T16:19:10Z" finished-at="2018-03-29T16:19:10Z">
          <reporter-output>
          </reporter-output>
        </test-method> <!-- verifyaddAddress -->
        <test-method status="PASS" signature="verifyaddCardDetails()[pri:5, instance:com.infostretch.icpl.WeaveSocksDemo@26be92ad]" name="verifyaddCardDetails" duration-ms="100" started-at="2018-03-29T16:19:10Z" finished-at="2018-03-29T16:19:11Z">
          <reporter-output>
          </reporter-output>
        </test-method> <!-- verifyaddCardDetails -->
      </class> <!-- com.infostretch.icpl.WeaveSocksDemo -->
    </test> <!-- Default test -->
  </suite> <!-- Default suite -->
</testng-results>
